<?xml version="1.0" encoding="UTF-8"?>
<!-- Generated by org.testng.reporters.JUnitReportReporter -->
<testsuite hostname="Manish-Mali" failures="0" tests="3" name="com.openCart2.testCases.TC_RegistratinTest_003" time="26.125" errors="0" timestamp="2025-02-17T20:10:22 IST" skipped="0">
  <testcase classname="com.openCart2.testCases.TC_RegistratinTest_003" name="registrationTest" time="6.561"/>
  <testcase classname="com.openCart2.testCases.TC_RegistratinTest_003" name="registrationTest" time="15.326"/>
  <testcase classname="com.openCart2.testCases.TC_RegistratinTest_003" name="registrationTest" time="4.238"/>
</testsuite> <!-- com.openCart2.testCases.TC_RegistratinTest_003 -->
