<?xml version="1.0" encoding="UTF-8"?>
<!-- Generated by org.testng.reporters.JUnitReportReporter -->
<testsuite hostname="Manish-Mali" failures="0" tests="7" name="com.openCart2.testCases.TC_LoginDDT_002" time="44.555" errors="0" timestamp="2024-09-03T18:24:25 IST" skipped="0">
  <testcase classname="com.openCart2.testCases.TC_LoginDDT_002" name="loginDDT" time="4.954"/>
  <testcase classname="com.openCart2.testCases.TC_LoginDDT_002" name="loginDDT" time="3.178"/>
  <testcase classname="com.openCart2.testCases.TC_LoginDDT_002" name="loginDDT" time="12.617"/>
  <testcase classname="com.openCart2.testCases.TC_LoginDDT_002" name="loginDDT" time="4.990"/>
  <testcase classname="com.openCart2.testCases.TC_LoginDDT_002" name="loginDDT" time="12.072"/>
  <testcase classname="com.openCart2.testCases.TC_LoginDDT_002" name="loginDDT" time="3.323"/>
  <testcase classname="com.openCart2.testCases.TC_LoginDDT_002" name="loginDDT" time="3.421"/>
</testsuite> <!-- com.openCart2.testCases.TC_LoginDDT_002 -->
