<?xml version="1.0" encoding="UTF-8"?>
<!-- Generated by org.testng.reporters.JUnitReportReporter -->
<testsuite hostname="Manish-Mali" failures="0" tests="3" name="com.openCart2.testCases.TC_LoginTest_001" time="16.054" errors="0" timestamp="2025-02-17T20:10:22 IST" skipped="0">
  <testcase classname="com.openCart2.testCases.TC_LoginTest_001" name="loginTest" time="2.586"/>
  <testcase classname="com.openCart2.testCases.TC_LoginTest_001" name="loginTest" time="9.403"/>
  <testcase classname="com.openCart2.testCases.TC_LoginTest_001" name="loginTest" time="4.065"/>
</testsuite> <!-- com.openCart2.testCases.TC_LoginTest_001 -->
