<?xml version="1.0" encoding="UTF-8"?>
<!-- Generated by org.testng.reporters.JUnitReportReporter -->
<testsuite hostname="Manish-Mali" failures="0" tests="1" name="com.openCart2.testCases.TC_LoginTest_001" time="2.519" errors="0" timestamp="2024-09-02T20:09:41 IST" skipped="0">
  <testcase classname="com.openCart2.testCases.TC_LoginTest_001" name="loginTest" time="2.519"/>
</testsuite> <!-- com.openCart2.testCases.TC_LoginTest_001 -->
